# JRE version: OpenJDK Runtime Environment (11.0.12+7) (build 11.0.12+7-b1504.28-7817840)
# Java VM: OpenJDK 64-Bit Server VM (11.0.12+7-b1504.28-7817840, mixed mode, tiered, compressed oops, g1 gc, windows-amd64)
Heap:
 garbage-first heap   total 157696K, used 63323K [0x0000000080000000, 0x0000000100000000)
  region size 1024K, 21 young (21504K), 3 survivors (3072K)
 Metaspace       used 60576K, capacity 62006K, committed 62156K, reserved 1103872K
  class space    used 7730K, capacity 8282K, committed 8396K, reserved 1048576K
GC Heap History (20 events):
Event: 0.823 GC heap before
{Heap before GC invocations=1 (full 0):
 garbage-first heap   total 131072K, used 35096K [0x0000000080000000, 0x0000000100000000)
  region size 1024K, 28 young (28672K), 3 survivors (3072K)
 Metaspace       used 11219K, capacity 11446K, committed 11520K, reserved 1058816K
  class space    used 1176K, capacity 1246K, committed 1280K, reserved 1048576K
}
Event: 0.826 GC heap after
{Heap after GC invocations=2 (full 0):
 garbage-first heap   total 131072K, used 10469K [0x0000000080000000, 0x0000000100000000)
  region size 1024K, 1 young (1024K), 1 survivors (1024K)
 Metaspace       used 11219K, capacity 11446K, committed 11520K, reserved 1058816K
  class space    used 1176K, capacity 1246K, committed 1280K, reserved 1048576K
}
Event: 1.717 GC heap before
{Heap before GC invocations=2 (full 0):
 garbage-first heap   total 131072K, used 51429K [0x0000000080000000, 0x0000000100000000)
  region size 1024K, 41 young (41984K), 1 survivors (1024K)
 Metaspace       used 17020K, capacity 17329K, committed 17536K, reserved 1064960K
  class space    used 1975K, capacity 2101K, committed 2176K, reserved 1048576K
}
Event: 1.721 GC heap after
{Heap after GC invocations=3 (full 0):
 garbage-first heap   total 131072K, used 16144K [0x0000000080000000, 0x0000000100000000)
  region size 1024K, 6 young (6144K), 6 survivors (6144K)
 Metaspace       used 17020K, capacity 17329K, committed 17536K, reserved 1064960K
  class space    used 1975K, capacity 2101K, committed 2176K, reserved 1048576K
}
Event: 2.024 GC heap before
{Heap before GC invocations=3 (full 0):
 garbage-first heap   total 131072K, used 50960K [0x0000000080000000, 0x0000000100000000)
  region size 1024K, 41 young (41984K), 6 survivors (6144K)
 Metaspace       used 20778K, capacity 21155K, committed 21296K, reserved 1069056K
  class space    used 2567K, capacity 2718K, committed 2816K, reserved 1048576K
}
Event: 2.031 GC heap after
{Heap after GC invocations=4 (full 0):
 garbage-first heap   total 131072K, used 17994K [0x0000000080000000, 0x0000000100000000)
  region size 1024K, 2 young (2048K), 2 survivors (2048K)
 Metaspace       used 20778K, capacity 21155K, committed 21296K, reserved 1069056K
  class space    used 2567K, capacity 2718K, committed 2816K, reserved 1048576K
}
Event: 2.482 GC heap before
{Heap before GC invocations=5 (full 0):
 garbage-first heap   total 131072K, used 66122K [0x0000000080000000, 0x0000000100000000)
  region size 1024K, 50 young (51200K), 2 survivors (2048K)
 Metaspace       used 25984K, capacity 26523K, committed 26624K, reserved 1073152K
  class space    used 3370K, capacity 3555K, committed 3584K, reserved 1048576K
}
Event: 2.485 GC heap after
{Heap after GC invocations=6 (full 0):
 garbage-first heap   total 131072K, used 19701K [0x0000000080000000, 0x0000000100000000)
  region size 1024K, 4 young (4096K), 4 survivors (4096K)
 Metaspace       used 25984K, capacity 26523K, committed 26624K, reserved 1073152K
  class space    used 3370K, capacity 3555K, committed 3584K, reserved 1048576K
}
Event: 3.091 GC heap before
{Heap before GC invocations=6 (full 0):
 garbage-first heap   total 131072K, used 78069K [0x0000000080000000, 0x0000000100000000)
  region size 1024K, 61 young (62464K), 4 survivors (4096K)
 Metaspace       used 32560K, capacity 33268K, committed 33536K, reserved 1079296K
  class space    used 4316K, capacity 4576K, committed 4608K, reserved 1048576K
}
Event: 3.095 GC heap after
{Heap after GC invocations=7 (full 0):
 garbage-first heap   total 131072K, used 22167K [0x0000000080000000, 0x0000000100000000)
  region size 1024K, 6 young (6144K), 6 survivors (6144K)
 Metaspace       used 32560K, capacity 33268K, committed 33536K, reserved 1079296K
  class space    used 4316K, capacity 4576K, committed 4608K, reserved 1048576K
}
Event: 3.192 GC heap before
{Heap before GC invocations=7 (full 0):
 garbage-first heap   total 131072K, used 26263K [0x0000000080000000, 0x0000000100000000)
  region size 1024K, 11 young (11264K), 6 survivors (6144K)
 Metaspace       used 35022K, capacity 35803K, committed 35840K, reserved 1081344K
  class space    used 4554K, capacity 4847K, committed 4864K, reserved 1048576K
}
Event: 3.198 GC heap after
{Heap after GC invocations=8 (full 0):
 garbage-first heap   total 131072K, used 23394K [0x0000000080000000, 0x0000000100000000)
  region size 1024K, 6 young (6144K), 6 survivors (6144K)
 Metaspace       used 35022K, capacity 35803K, committed 35840K, reserved 1081344K
  class space    used 4554K, capacity 4847K, committed 4864K, reserved 1048576K
}
Event: 3.720 GC heap before
{Heap before GC invocations=9 (full 0):
 garbage-first heap   total 131072K, used 83810K [0x0000000080000000, 0x0000000100000000)
  region size 1024K, 63 young (64512K), 6 survivors (6144K)
 Metaspace       used 39648K, capacity 40550K, committed 40832K, reserved 1085440K
  class space    used 5083K, capacity 5424K, committed 5504K, reserved 1048576K
}
Event: 3.727 GC heap after
{Heap after GC invocations=10 (full 0):
 garbage-first heap   total 157696K, used 28273K [0x0000000080000000, 0x0000000100000000)
  region size 1024K, 8 young (8192K), 8 survivors (8192K)
 Metaspace       used 39648K, capacity 40550K, committed 40832K, reserved 1085440K
  class space    used 5083K, capacity 5424K, committed 5504K, reserved 1048576K
}
Event: 4.625 GC heap before
{Heap before GC invocations=10 (full 0):
 garbage-first heap   total 157696K, used 104049K [0x0000000080000000, 0x0000000100000000)
  region size 1024K, 81 young (82944K), 8 survivors (8192K)
 Metaspace       used 46221K, capacity 47360K, committed 47616K, reserved 1091584K
  class space    used 5957K, capacity 6362K, committed 6400K, reserved 1048576K
}
Event: 4.634 GC heap after
{Heap after GC invocations=11 (full 0):
 garbage-first heap   total 157696K, used 30720K [0x0000000080000000, 0x0000000100000000)
  region size 1024K, 8 young (8192K), 8 survivors (8192K)
 Metaspace       used 46221K, capacity 47360K, committed 47616K, reserved 1091584K
  class space    used 5957K, capacity 6362K, committed 6400K, reserved 1048576K
}
Event: 5.802 GC heap before
{Heap before GC invocations=11 (full 0):
 garbage-first heap   total 157696K, used 112640K [0x0000000080000000, 0x0000000100000000)
  region size 1024K, 84 young (86016K), 8 survivors (8192K)
 Metaspace       used 49917K, capacity 51181K, committed 51456K, reserved 1093632K
  class space    used 6405K, capacity 6874K, committed 6912K, reserved 1048576K
}
Event: 5.812 GC heap after
{Heap after GC invocations=12 (full 0):
 garbage-first heap   total 157696K, used 44010K [0x0000000080000000, 0x0000000100000000)
  region size 1024K, 11 young (11264K), 11 survivors (11264K)
 Metaspace       used 49917K, capacity 51181K, committed 51456K, reserved 1093632K
  class space    used 6405K, capacity 6874K, committed 6912K, reserved 1048576K
}
Event: 6.555 GC heap before
{Heap before GC invocations=12 (full 0):
 garbage-first heap   total 157696K, used 102378K [0x0000000080000000, 0x0000000100000000)
  region size 1024K, 69 young (70656K), 11 survivors (11264K)
 Metaspace       used 58673K, capacity 60110K, committed 60160K, reserved 1101824K
  class space    used 7494K, capacity 8035K, committed 8064K, reserved 1048576K
}
Event: 6.574 GC heap after
{Heap after GC invocations=13 (full 0):
 garbage-first heap   total 157696K, used 46939K [0x0000000080000000, 0x0000000100000000)
  region size 1024K, 3 young (3072K), 3 survivors (3072K)
 Metaspace       used 58673K, capacity 60110K, committed 60160K, reserved 1101824K
  class space    used 7494K, capacity 8035K, committed 8064K, reserved 1048576K
}

