# JRE version: OpenJDK Runtime Environment (11.0.12+7) (build 11.0.12+7-b1504.28-7817840)
# Java VM: OpenJDK 64-Bit Server VM (11.0.12+7-b1504.28-7817840, mixed mode, tiered, compressed oops, g1 gc, windows-amd64)
Heap:
 garbage-first heap   total 227328K, used 74468K [0x0000000080000000, 0x0000000100000000)
  region size 1024K, 18 young (18432K), 11 survivors (11264K)
 Metaspace       used 80909K, capacity 83059K, committed 83276K, reserved 1120256K
  class space    used 10725K, capacity 11536K, committed 11648K, reserved 1048576K
GC Heap History (20 events):
Event: 2.155 GC heap before
{Heap before GC invocations=5 (full 0):
 garbage-first heap   total 131072K, used 68327K [0x0000000080000000, 0x0000000100000000)
  region size 1024K, 52 young (53248K), 1 survivors (1024K)
 Metaspace       used 26297K, capacity 26853K, committed 27008K, reserved 1073152K
  class space    used 3428K, capacity 3647K, committed 3712K, reserved 1048576K
}
Event: 2.160 GC heap after
{Heap after GC invocations=6 (full 0):
 garbage-first heap   total 131072K, used 19092K [0x0000000080000000, 0x0000000100000000)
  region size 1024K, 3 young (3072K), 3 survivors (3072K)
 Metaspace       used 26297K, capacity 26853K, committed 27008K, reserved 1073152K
  class space    used 3428K, capacity 3647K, committed 3712K, reserved 1048576K
}
Event: 2.589 GC heap before
{Heap before GC invocations=7 (full 0):
 garbage-first heap   total 131072K, used 74388K [0x0000000080000000, 0x0000000100000000)
  region size 1024K, 57 young (58368K), 3 survivors (3072K)
 Metaspace       used 32540K, capacity 33204K, committed 33280K, reserved 1077248K
  class space    used 4319K, capacity 4576K, committed 4608K, reserved 1048576K
}
Event: 2.594 GC heap after
{Heap after GC invocations=8 (full 0):
 garbage-first heap   total 157696K, used 21560K [0x0000000080000000, 0x0000000100000000)
  region size 1024K, 6 young (6144K), 6 survivors (6144K)
 Metaspace       used 32540K, capacity 33204K, committed 33280K, reserved 1077248K
  class space    used 4319K, capacity 4576K, committed 4608K, reserved 1048576K
}
Event: 3.118 GC heap before
{Heap before GC invocations=8 (full 0):
 garbage-first heap   total 157696K, used 89144K [0x0000000080000000, 0x0000000100000000)
  region size 1024K, 69 young (70656K), 6 survivors (6144K)
 Metaspace       used 39755K, capacity 40640K, committed 40832K, reserved 1085440K
  class space    used 5095K, capacity 5431K, committed 5504K, reserved 1048576K
}
Event: 3.125 GC heap after
{Heap after GC invocations=9 (full 0):
 garbage-first heap   total 157696K, used 27095K [0x0000000080000000, 0x0000000100000000)
  region size 1024K, 9 young (9216K), 9 survivors (9216K)
 Metaspace       used 39755K, capacity 40640K, committed 40832K, reserved 1085440K
  class space    used 5095K, capacity 5431K, committed 5504K, reserved 1048576K
}
Event: 3.497 GC heap before
{Heap before GC invocations=9 (full 0):
 garbage-first heap   total 157696K, used 74199K [0x0000000080000000, 0x0000000100000000)
  region size 1024K, 56 young (57344K), 9 survivors (9216K)
 Metaspace       used 44322K, capacity 45300K, committed 45440K, reserved 1089536K
  class space    used 5680K, capacity 6057K, committed 6144K, reserved 1048576K
}
Event: 3.512 GC heap after
{Heap after GC invocations=10 (full 0):
 garbage-first heap   total 157696K, used 30077K [0x0000000080000000, 0x0000000100000000)
  region size 1024K, 8 young (8192K), 8 survivors (8192K)
 Metaspace       used 44322K, capacity 45300K, committed 45440K, reserved 1089536K
  class space    used 5680K, capacity 6057K, committed 6144K, reserved 1048576K
}
Event: 3.966 GC heap before
{Heap before GC invocations=11 (full 0):
 garbage-first heap   total 157696K, used 95613K [0x0000000080000000, 0x0000000100000000)
  region size 1024K, 72 young (73728K), 8 survivors (8192K)
 Metaspace       used 47910K, capacity 49158K, committed 49408K, reserved 1091584K
  class space    used 6181K, capacity 6642K, committed 6656K, reserved 1048576K
}
Event: 3.975 GC heap after
{Heap after GC invocations=12 (full 0):
 garbage-first heap   total 157696K, used 33168K [0x0000000080000000, 0x0000000100000000)
  region size 1024K, 6 young (6144K), 6 survivors (6144K)
 Metaspace       used 47910K, capacity 49158K, committed 49408K, reserved 1091584K
  class space    used 6181K, capacity 6642K, committed 6656K, reserved 1048576K
}
Event: 4.510 GC heap before
{Heap before GC invocations=12 (full 0):
 garbage-first heap   total 157696K, used 104848K [0x0000000080000000, 0x0000000100000000)
  region size 1024K, 73 young (74752K), 6 survivors (6144K)
 Metaspace       used 53502K, capacity 54881K, committed 55040K, reserved 1097728K
  class space    used 6861K, capacity 7382K, committed 7424K, reserved 1048576K
}
Event: 4.518 GC heap after
{Heap after GC invocations=13 (full 0):
 garbage-first heap   total 189440K, used 46412K [0x0000000080000000, 0x0000000100000000)
  region size 1024K, 10 young (10240K), 10 survivors (10240K)
 Metaspace       used 53502K, capacity 54881K, committed 55040K, reserved 1097728K
  class space    used 6861K, capacity 7382K, committed 7424K, reserved 1048576K
}
Event: 5.247 GC heap before
{Heap before GC invocations=13 (full 0):
 garbage-first heap   total 189440K, used 123212K [0x0000000080000000, 0x0000000100000000)
  region size 1024K, 86 young (88064K), 10 survivors (10240K)
 Metaspace       used 63186K, capacity 64760K, committed 65024K, reserved 1105920K
  class space    used 8041K, capacity 8618K, committed 8704K, reserved 1048576K
}
Event: 5.257 GC heap after
{Heap after GC invocations=14 (full 0):
 garbage-first heap   total 189440K, used 52962K [0x0000000080000000, 0x0000000100000000)
  region size 1024K, 6 young (6144K), 6 survivors (6144K)
 Metaspace       used 63186K, capacity 64760K, committed 65024K, reserved 1105920K
  class space    used 8041K, capacity 8618K, committed 8704K, reserved 1048576K
}
Event: 5.795 GC heap before
{Heap before GC invocations=14 (full 0):
 garbage-first heap   total 189440K, used 131810K [0x0000000080000000, 0x0000000100000000)
  region size 1024K, 83 young (84992K), 6 survivors (6144K)
 Metaspace       used 67965K, capacity 69592K, committed 69888K, reserved 1110016K
  class space    used 8767K, capacity 9390K, committed 9472K, reserved 1048576K
}
Event: 5.802 GC heap after
{Heap after GC invocations=15 (full 0):
 garbage-first heap   total 189440K, used 57796K [0x0000000080000000, 0x0000000100000000)
  region size 1024K, 11 young (11264K), 11 survivors (11264K)
 Metaspace       used 67965K, capacity 69592K, committed 69888K, reserved 1110016K
  class space    used 8767K, capacity 9390K, committed 9472K, reserved 1048576K
}
Event: 6.408 GC heap before
{Heap before GC invocations=15 (full 0):
 garbage-first heap   total 189440K, used 124356K [0x0000000080000000, 0x0000000100000000)
  region size 1024K, 77 young (78848K), 11 survivors (11264K)
 Metaspace       used 74195K, capacity 75902K, committed 76160K, reserved 1116160K
  class space    used 9714K, capacity 10355K, committed 10368K, reserved 1048576K
}
Event: 6.429 GC heap after
{Heap after GC invocations=16 (full 0):
 garbage-first heap   total 189440K, used 62501K [0x0000000080000000, 0x0000000100000000)
  region size 1024K, 10 young (10240K), 10 survivors (10240K)
 Metaspace       used 74195K, capacity 75902K, committed 76160K, reserved 1116160K
  class space    used 9714K, capacity 10355K, committed 10368K, reserved 1048576K
}
Event: 7.184 GC heap before
{Heap before GC invocations=17 (full 0):
 garbage-first heap   total 189440K, used 140325K [0x0000000080000000, 0x0000000100000000)
  region size 1024K, 86 young (88064K), 10 survivors (10240K)
 Metaspace       used 80877K, capacity 83058K, committed 83276K, reserved 1120256K
  class space    used 10725K, capacity 11536K, committed 11648K, reserved 1048576K
}
Event: 7.200 GC heap after
{Heap after GC invocations=18 (full 0):
 garbage-first heap   total 227328K, used 68324K [0x0000000080000000, 0x0000000100000000)
  region size 1024K, 11 young (11264K), 11 survivors (11264K)
 Metaspace       used 80877K, capacity 83058K, committed 83276K, reserved 1120256K
  class space    used 10725K, capacity 11536K, committed 11648K, reserved 1048576K
}

