# JRE version: OpenJDK Runtime Environment (11.0.12+7) (build 11.0.12+7-b1504.28-7817840)
# Java VM: OpenJDK 64-Bit Server VM (11.0.12+7-b1504.28-7817840, mixed mode, tiered, compressed oops, g1 gc, windows-amd64)
Heap:
 garbage-first heap   total 227328K, used 103315K [0x0000000080000000, 0x0000000100000000)
  region size 1024K, 23 young (23552K), 5 survivors (5120K)
 Metaspace       used 88258K, capacity 90400K, committed 90704K, reserved 1128448K
  class space    used 11407K, capacity 12218K, committed 12368K, reserved 1048576K
GC Heap History (20 events):
Event: 4.676 GC heap before
{Heap before GC invocations=9 (full 0):
 garbage-first heap   total 157696K, used 115998K [0x0000000080000000, 0x0000000100000000)
  region size 1024K, 83 young (84992K), 3 survivors (3072K)
 Metaspace       used 49726K, capacity 50977K, committed 51280K, reserved 1093632K
  class space    used 6391K, capacity 6870K, committed 6992K, reserved 1048576K
}
Event: 4.683 GC heap after
{Heap after GC invocations=10 (full 0):
 garbage-first heap   total 157696K, used 45684K [0x0000000080000000, 0x0000000100000000)
  region size 1024K, 11 young (11264K), 11 survivors (11264K)
 Metaspace       used 49726K, capacity 50977K, committed 51280K, reserved 1093632K
  class space    used 6391K, capacity 6870K, committed 6992K, reserved 1048576K
}
Event: 5.280 GC heap before
{Heap before GC invocations=10 (full 0):
 garbage-first heap   total 157696K, used 106100K [0x0000000080000000, 0x0000000100000000)
  region size 1024K, 71 young (72704K), 11 survivors (11264K)
 Metaspace       used 58679K, capacity 60130K, committed 60240K, reserved 1101824K
  class space    used 7494K, capacity 7999K, committed 8016K, reserved 1048576K
}
Event: 5.295 GC heap after
{Heap after GC invocations=11 (full 0):
 garbage-first heap   total 157696K, used 47886K [0x0000000080000000, 0x0000000100000000)
  region size 1024K, 3 young (3072K), 3 survivors (3072K)
 Metaspace       used 58679K, capacity 60130K, committed 60240K, reserved 1101824K
  class space    used 7494K, capacity 7999K, committed 8016K, reserved 1048576K
}
Event: 5.831 GC heap before
{Heap before GC invocations=12 (full 0):
 garbage-first heap   total 157696K, used 114446K [0x0000000080000000, 0x0000000100000000)
  region size 1024K, 68 young (69632K), 3 survivors (3072K)
 Metaspace       used 64825K, capacity 66327K, committed 66512K, reserved 1107968K
  class space    used 8251K, capacity 8815K, committed 8912K, reserved 1048576K
}
Event: 5.839 GC heap after
{Heap after GC invocations=13 (full 0):
 garbage-first heap   total 157696K, used 53692K [0x0000000080000000, 0x0000000100000000)
  region size 1024K, 8 young (8192K), 8 survivors (8192K)
 Metaspace       used 64825K, capacity 66327K, committed 66512K, reserved 1107968K
  class space    used 8251K, capacity 8815K, committed 8912K, reserved 1048576K
}
Event: 6.287 GC heap before
{Heap before GC invocations=14 (full 0):
 garbage-first heap   total 157696K, used 118204K [0x0000000080000000, 0x0000000100000000)
  region size 1024K, 71 young (72704K), 8 survivors (8192K)
 Metaspace       used 68748K, capacity 70351K, committed 70480K, reserved 1110016K
  class space    used 8939K, capacity 9515K, committed 9552K, reserved 1048576K
}
Event: 6.295 GC heap after
{Heap after GC invocations=15 (full 0):
 garbage-first heap   total 189440K, used 57469K [0x0000000080000000, 0x0000000100000000)
  region size 1024K, 5 young (5120K), 5 survivors (5120K)
 Metaspace       used 68748K, capacity 70351K, committed 70480K, reserved 1110016K
  class space    used 8939K, capacity 9515K, committed 9552K, reserved 1048576K
}
Event: 7.078 GC heap before
{Heap before GC invocations=15 (full 0):
 garbage-first heap   total 189440K, used 133245K [0x0000000080000000, 0x0000000100000000)
  region size 1024K, 79 young (80896K), 5 survivors (5120K)
 Metaspace       used 76794K, capacity 78556K, committed 78672K, reserved 1118208K
  class space    used 10091K, capacity 10740K, committed 10832K, reserved 1048576K
}
Event: 7.084 GC heap after
{Heap after GC invocations=16 (full 0):
 garbage-first heap   total 189440K, used 61944K [0x0000000080000000, 0x0000000100000000)
  region size 1024K, 9 young (9216K), 9 survivors (9216K)
 Metaspace       used 76794K, capacity 78556K, committed 78672K, reserved 1118208K
  class space    used 10091K, capacity 10740K, committed 10832K, reserved 1048576K
}
Event: 7.698 GC heap before
{Heap before GC invocations=16 (full 0):
 garbage-first heap   total 189440K, used 137720K [0x0000000080000000, 0x0000000100000000)
  region size 1024K, 84 young (86016K), 9 survivors (9216K)
 Metaspace       used 81070K, capacity 83195K, committed 83280K, reserved 1120256K
  class space    used 10734K, capacity 11516K, committed 11600K, reserved 1048576K
}
Event: 7.707 GC heap after
{Heap after GC invocations=17 (full 0):
 garbage-first heap   total 189440K, used 68354K [0x0000000080000000, 0x0000000100000000)
  region size 1024K, 11 young (11264K), 11 survivors (11264K)
 Metaspace       used 81070K, capacity 83195K, committed 83280K, reserved 1120256K
  class space    used 10734K, capacity 11516K, committed 11600K, reserved 1048576K
}
Event: 8.146 GC heap before
{Heap before GC invocations=17 (full 0):
 garbage-first heap   total 189440K, used 144130K [0x0000000080000000, 0x0000000100000000)
  region size 1024K, 84 young (86016K), 11 survivors (11264K)
 Metaspace       used 83518K, capacity 85749K, committed 85840K, reserved 1124352K
  class space    used 10969K, capacity 11832K, committed 11856K, reserved 1048576K
}
Event: 8.161 GC heap after
{Heap after GC invocations=18 (full 0):
 garbage-first heap   total 189440K, used 84499K [0x0000000080000000, 0x0000000100000000)
  region size 1024K, 11 young (11264K), 11 survivors (11264K)
 Metaspace       used 83518K, capacity 85749K, committed 85840K, reserved 1124352K
  class space    used 10969K, capacity 11832K, committed 11856K, reserved 1048576K
}
Event: 8.291 GC heap before
{Heap before GC invocations=18 (full 0):
 garbage-first heap   total 189440K, used 111123K [0x0000000080000000, 0x0000000100000000)
  region size 1024K, 30 young (30720K), 11 survivors (11264K)
 Metaspace       used 83659K, capacity 85881K, committed 86096K, reserved 1124352K
  class space    used 10977K, capacity 11833K, committed 11856K, reserved 1048576K
}
Event: 8.303 GC heap after
{Heap after GC invocations=19 (full 0):
 garbage-first heap   total 189440K, used 96837K [0x0000000080000000, 0x0000000100000000)
  region size 1024K, 9 young (9216K), 9 survivors (9216K)
 Metaspace       used 83659K, capacity 85881K, committed 86096K, reserved 1124352K
  class space    used 10977K, capacity 11833K, committed 11856K, reserved 1048576K
}
Event: 8.602 GC heap before
{Heap before GC invocations=20 (full 0):
 garbage-first heap   total 189440K, used 138821K [0x0000000080000000, 0x0000000100000000)
  region size 1024K, 45 young (46080K), 9 survivors (9216K)
 Metaspace       used 87026K, capacity 89027K, committed 89552K, reserved 1126400K
  class space    used 11289K, capacity 12068K, committed 12240K, reserved 1048576K
}
Event: 8.610 GC heap after
{Heap after GC invocations=21 (full 0):
 garbage-first heap   total 189440K, used 90681K [0x0000000080000000, 0x0000000100000000)
  region size 1024K, 3 young (3072K), 3 survivors (3072K)
 Metaspace       used 87026K, capacity 89027K, committed 89552K, reserved 1126400K
  class space    used 11289K, capacity 12068K, committed 12240K, reserved 1048576K
}
Event: 8.817 GC heap before
{Heap before GC invocations=21 (full 0):
 garbage-first heap   total 189440K, used 133689K [0x0000000080000000, 0x0000000100000000)
  region size 1024K, 46 young (47104K), 3 survivors (3072K)
 Metaspace       used 87724K, capacity 89862K, committed 90192K, reserved 1126400K
  class space    used 11341K, capacity 12150K, committed 12368K, reserved 1048576K
}
Event: 8.824 GC heap after
{Heap after GC invocations=22 (full 0):
 garbage-first heap   total 227328K, used 93075K [0x0000000080000000, 0x0000000100000000)
  region size 1024K, 5 young (5120K), 5 survivors (5120K)
 Metaspace       used 87724K, capacity 89862K, committed 90192K, reserved 1126400K
  class space    used 11341K, capacity 12150K, committed 12368K, reserved 1048576K
}

